{"C:\\Users\\DotPixel\\Documents\\Hacktiv8\\Job-Test\\techtropolis-store\\server\\app.js": {"path":"C:\\Users\\DotPixel\\Documents\\Hacktiv8\\Job-Test\\techtropolis-store\\server\\app.js","statementMap":{"0":{"start":{"line":1,"column":0},"end":{"line":1,"column":26}},"1":{"start":{"line":2,"column":16},"end":{"line":2,"column":34}},"2":{"start":{"line":3,"column":12},"end":{"line":3,"column":21}},"3":{"start":{"line":4,"column":13},"end":{"line":4,"column":17}},"4":{"start":{"line":6,"column":21},"end":{"line":6,"column":58}},"5":{"start":{"line":7,"column":13},"end":{"line":7,"column":28}},"6":{"start":{"line":8,"column":15},"end":{"line":8,"column":40}},"7":{"start":{"line":10,"column":0},"end":{"line":10,"column":15}},"8":{"start":{"line":11,"column":0},"end":{"line":11,"column":23}},"9":{"start":{"line":12,"column":0},"end":{"line":12,"column":46}},"10":{"start":{"line":13,"column":0},"end":{"line":13,"column":15}},"11":{"start":{"line":14,"column":0},"end":{"line":14,"column":21}},"12":{"start":{"line":16,"column":0},"end":{"line":16,"column":20}}},"fnMap":{},"branchMap":{},"s":{"0":2,"1":2,"2":2,"3":2,"4":2,"5":2,"6":2,"7":2,"8":2,"9":2,"10":2,"11":2,"12":2},"f":{},"b":{},"_coverageSchema":"1a1c01bbd47fc00a2c39e90264f33305004495a9","hash":"2ec568d9e1c0dc603d3359d8c8c9a2039a43c933"}
,"C:\\Users\\DotPixel\\Documents\\Hacktiv8\\Job-Test\\techtropolis-store\\server\\controllers\\ProductController.js": {"path":"C:\\Users\\DotPixel\\Documents\\Hacktiv8\\Job-Test\\techtropolis-store\\server\\controllers\\ProductController.js","statementMap":{"0":{"start":{"line":1,"column":20},"end":{"line":1,"column":40}},"1":{"start":{"line":5,"column":8},"end":{"line":10,"column":9}},"2":{"start":{"line":6,"column":28},"end":{"line":6,"column":51}},"3":{"start":{"line":7,"column":12},"end":{"line":7,"column":41}},"4":{"start":{"line":9,"column":12},"end":{"line":9,"column":23}},"5":{"start":{"line":14,"column":42},"end":{"line":14,"column":50}},"6":{"start":{"line":16,"column":8},"end":{"line":28,"column":9}},"7":{"start":{"line":17,"column":28},"end":{"line":23,"column":14}},"8":{"start":{"line":24,"column":12},"end":{"line":24,"column":41}},"9":{"start":{"line":27,"column":12},"end":{"line":27,"column":23}},"10":{"start":{"line":32,"column":23},"end":{"line":32,"column":33}},"11":{"start":{"line":34,"column":8},"end":{"line":40,"column":9}},"12":{"start":{"line":35,"column":28},"end":{"line":35,"column":54}},"13":{"start":{"line":36,"column":12},"end":{"line":36,"column":41}},"14":{"start":{"line":39,"column":12},"end":{"line":39,"column":23}},"15":{"start":{"line":44,"column":22},"end":{"line":44,"column":30}},"16":{"start":{"line":45,"column":23},"end":{"line":45,"column":33}},"17":{"start":{"line":47,"column":8},"end":{"line":57,"column":9}},"18":{"start":{"line":48,"column":28},"end":{"line":53,"column":14}},"19":{"start":{"line":54,"column":12},"end":{"line":54,"column":47}},"20":{"start":{"line":56,"column":12},"end":{"line":56,"column":23}},"21":{"start":{"line":61,"column":23},"end":{"line":61,"column":33}},"22":{"start":{"line":63,"column":8},"end":{"line":75,"column":9}},"23":{"start":{"line":64,"column":28},"end":{"line":68,"column":14}},"24":{"start":{"line":69,"column":12},"end":{"line":71,"column":14}},"25":{"start":{"line":73,"column":12},"end":{"line":73,"column":30}},"26":{"start":{"line":74,"column":12},"end":{"line":74,"column":23}},"27":{"start":{"line":79,"column":0},"end":{"line":79,"column":34}}},"fnMap":{"0":{"name":"(anonymous_0)","decl":{"start":{"line":4,"column":4},"end":{"line":4,"column":5}},"loc":{"start":{"line":4,"column":49},"end":{"line":11,"column":5}},"line":4},"1":{"name":"(anonymous_1)","decl":{"start":{"line":13,"column":4},"end":{"line":13,"column":5}},"loc":{"start":{"line":13,"column":48},"end":{"line":29,"column":5}},"line":13},"2":{"name":"(anonymous_2)","decl":{"start":{"line":31,"column":4},"end":{"line":31,"column":5}},"loc":{"start":{"line":31,"column":48},"end":{"line":41,"column":5}},"line":31},"3":{"name":"(anonymous_3)","decl":{"start":{"line":43,"column":4},"end":{"line":43,"column":5}},"loc":{"start":{"line":43,"column":46},"end":{"line":58,"column":5}},"line":43},"4":{"name":"(anonymous_4)","decl":{"start":{"line":60,"column":4},"end":{"line":60,"column":5}},"loc":{"start":{"line":60,"column":48},"end":{"line":76,"column":5}},"line":60}},"branchMap":{"0":{"loc":{"start":{"line":19,"column":27},"end":{"line":19,"column":48}},"type":"binary-expr","locations":[{"start":{"line":19,"column":27},"end":{"line":19,"column":40}},{"start":{"line":19,"column":44},"end":{"line":19,"column":48}}],"line":19}},"s":{"0":2,"1":1,"2":1,"3":1,"4":0,"5":2,"6":2,"7":2,"8":1,"9":1,"10":1,"11":1,"12":1,"13":1,"14":0,"15":1,"16":1,"17":1,"18":1,"19":1,"20":0,"21":1,"22":1,"23":1,"24":1,"25":0,"26":0,"27":2},"f":{"0":1,"1":2,"2":1,"3":1,"4":1},"b":{"0":[2,2]},"_coverageSchema":"1a1c01bbd47fc00a2c39e90264f33305004495a9","hash":"27507ea49bb5a9539d43f63a5a12a0fa47b9b1db"}
,"C:\\Users\\DotPixel\\Documents\\Hacktiv8\\Job-Test\\techtropolis-store\\server\\controllers\\UserController.js": {"path":"C:\\Users\\DotPixel\\Documents\\Hacktiv8\\Job-Test\\techtropolis-store\\server\\controllers\\UserController.js","statementMap":{"0":{"start":{"line":1,"column":17},"end":{"line":1,"column":37}},"1":{"start":{"line":2,"column":44},"end":{"line":2,"column":71}},"2":{"start":{"line":6,"column":47},"end":{"line":6,"column":55}},"3":{"start":{"line":7,"column":8},"end":{"line":22,"column":9}},"4":{"start":{"line":8,"column":25},"end":{"line":12,"column":14}},"5":{"start":{"line":13,"column":12},"end":{"line":18,"column":14}},"6":{"start":{"line":21,"column":12},"end":{"line":21,"column":23}},"7":{"start":{"line":26,"column":36},"end":{"line":26,"column":44}},"8":{"start":{"line":27,"column":8},"end":{"line":47,"column":9}},"9":{"start":{"line":28,"column":25},"end":{"line":32,"column":14}},"10":{"start":{"line":33,"column":12},"end":{"line":33,"column":54}},"11":{"start":{"line":33,"column":23},"end":{"line":33,"column":54}},"12":{"start":{"line":34,"column":27},"end":{"line":34,"column":67}},"13":{"start":{"line":35,"column":12},"end":{"line":35,"column":54}},"14":{"start":{"line":35,"column":25},"end":{"line":35,"column":54}},"15":{"start":{"line":36,"column":33},"end":{"line":38,"column":14}},"16":{"start":{"line":39,"column":12},"end":{"line":44,"column":14}},"17":{"start":{"line":46,"column":12},"end":{"line":46,"column":23}},"18":{"start":{"line":51,"column":0},"end":{"line":51,"column":31}}},"fnMap":{"0":{"name":"(anonymous_0)","decl":{"start":{"line":5,"column":4},"end":{"line":5,"column":5}},"loc":{"start":{"line":5,"column":43},"end":{"line":23,"column":5}},"line":5},"1":{"name":"(anonymous_1)","decl":{"start":{"line":25,"column":4},"end":{"line":25,"column":5}},"loc":{"start":{"line":25,"column":40},"end":{"line":48,"column":5}},"line":25}},"branchMap":{"0":{"loc":{"start":{"line":33,"column":12},"end":{"line":33,"column":54}},"type":"if","locations":[{"start":{"line":33,"column":12},"end":{"line":33,"column":54}},{"start":{},"end":{}}],"line":33},"1":{"loc":{"start":{"line":35,"column":12},"end":{"line":35,"column":54}},"type":"if","locations":[{"start":{"line":35,"column":12},"end":{"line":35,"column":54}},{"start":{},"end":{}}],"line":35}},"s":{"0":2,"1":2,"2":3,"3":3,"4":3,"5":1,"6":2,"7":4,"8":4,"9":4,"10":4,"11":2,"12":2,"13":2,"14":1,"15":1,"16":1,"17":3,"18":2},"f":{"0":3,"1":4},"b":{"0":[2,2],"1":[1,1]},"_coverageSchema":"1a1c01bbd47fc00a2c39e90264f33305004495a9","hash":"d847823c5684615df6f62d5636a1f0f1d2c7d84e"}
,"C:\\Users\\DotPixel\\Documents\\Hacktiv8\\Job-Test\\techtropolis-store\\server\\helpers\\index.js": {"path":"C:\\Users\\DotPixel\\Documents\\Hacktiv8\\Job-Test\\techtropolis-store\\server\\helpers\\index.js","statementMap":{"0":{"start":{"line":1,"column":15},"end":{"line":1,"column":32}},"1":{"start":{"line":2,"column":12},"end":{"line":2,"column":35}},"2":{"start":{"line":3,"column":20},"end":{"line":3,"column":43}},"3":{"start":{"line":6,"column":15},"end":{"line":6,"column":37}},"4":{"start":{"line":7,"column":17},"end":{"line":7,"column":48}},"5":{"start":{"line":8,"column":2},"end":{"line":8,"column":16}},"6":{"start":{"line":12,"column":2},"end":{"line":12,"column":54}},"7":{"start":{"line":16,"column":23},"end":{"line":16,"column":53}},"8":{"start":{"line":17,"column":2},"end":{"line":17,"column":22}},"9":{"start":{"line":21,"column":24},"end":{"line":21,"column":61}},"10":{"start":{"line":22,"column":2},"end":{"line":22,"column":23}},"11":{"start":{"line":25,"column":0},"end":{"line":30,"column":2}}},"fnMap":{"0":{"name":"passwordHasher","decl":{"start":{"line":5,"column":9},"end":{"line":5,"column":23}},"loc":{"start":{"line":5,"column":34},"end":{"line":9,"column":1}},"line":5},"1":{"name":"passwordDecoder","decl":{"start":{"line":11,"column":9},"end":{"line":11,"column":24}},"loc":{"start":{"line":11,"column":51},"end":{"line":13,"column":1}},"line":11},"2":{"name":"tokenGenerator","decl":{"start":{"line":15,"column":9},"end":{"line":15,"column":23}},"loc":{"start":{"line":15,"column":33},"end":{"line":18,"column":1}},"line":15},"3":{"name":"tokenDecoder","decl":{"start":{"line":20,"column":9},"end":{"line":20,"column":21}},"loc":{"start":{"line":20,"column":36},"end":{"line":23,"column":1}},"line":20}},"branchMap":{},"s":{"0":2,"1":2,"2":2,"3":3,"4":3,"5":3,"6":2,"7":2,"8":2,"9":6,"10":6,"11":2},"f":{"0":3,"1":2,"2":2,"3":6},"b":{},"_coverageSchema":"1a1c01bbd47fc00a2c39e90264f33305004495a9","hash":"c55e1cfbcc11652e1c62ffce60923ebd8daaa79c"}
,"C:\\Users\\DotPixel\\Documents\\Hacktiv8\\Job-Test\\techtropolis-store\\server\\middlewares\\auth.js": {"path":"C:\\Users\\DotPixel\\Documents\\Hacktiv8\\Job-Test\\techtropolis-store\\server\\middlewares\\auth.js","statementMap":{"0":{"start":{"line":1,"column":25},"end":{"line":1,"column":52}},"1":{"start":{"line":2,"column":26},"end":{"line":2,"column":46}},"2":{"start":{"line":5,"column":29},"end":{"line":5,"column":40}},"3":{"start":{"line":7,"column":4},"end":{"line":7,"column":62}},"4":{"start":{"line":7,"column":23},"end":{"line":7,"column":62}},"5":{"start":{"line":9,"column":4},"end":{"line":26,"column":5}},"6":{"start":{"line":10,"column":29},"end":{"line":10,"column":55}},"7":{"start":{"line":12,"column":8},"end":{"line":23,"column":36}},"8":{"start":{"line":14,"column":16},"end":{"line":21,"column":17}},"9":{"start":{"line":15,"column":20},"end":{"line":15,"column":50}},"10":{"start":{"line":17,"column":20},"end":{"line":19,"column":21}},"11":{"start":{"line":20,"column":20},"end":{"line":20,"column":26}},"12":{"start":{"line":23,"column":26},"end":{"line":23,"column":35}},"13":{"start":{"line":25,"column":8},"end":{"line":25,"column":17}},"14":{"start":{"line":30,"column":15},"end":{"line":30,"column":29}},"15":{"start":{"line":32,"column":4},"end":{"line":44,"column":28}},"16":{"start":{"line":34,"column":8},"end":{"line":42,"column":9}},"17":{"start":{"line":35,"column":12},"end":{"line":35,"column":48}},"18":{"start":{"line":37,"column":12},"end":{"line":41,"column":13}},"19":{"start":{"line":38,"column":16},"end":{"line":38,"column":22}},"20":{"start":{"line":40,"column":16},"end":{"line":40,"column":52}},"21":{"start":{"line":44,"column":18},"end":{"line":44,"column":27}},"22":{"start":{"line":47,"column":0},"end":{"line":50,"column":1}}},"fnMap":{"0":{"name":"authentication","decl":{"start":{"line":4,"column":9},"end":{"line":4,"column":23}},"loc":{"start":{"line":4,"column":41},"end":{"line":27,"column":1}},"line":4},"1":{"name":"(anonymous_1)","decl":{"start":{"line":13,"column":18},"end":{"line":13,"column":19}},"loc":{"start":{"line":13,"column":28},"end":{"line":22,"column":13}},"line":13},"2":{"name":"(anonymous_2)","decl":{"start":{"line":23,"column":19},"end":{"line":23,"column":20}},"loc":{"start":{"line":23,"column":26},"end":{"line":23,"column":35}},"line":23},"3":{"name":"authorization","decl":{"start":{"line":29,"column":9},"end":{"line":29,"column":22}},"loc":{"start":{"line":29,"column":40},"end":{"line":45,"column":1}},"line":29},"4":{"name":"(anonymous_4)","decl":{"start":{"line":33,"column":10},"end":{"line":33,"column":11}},"loc":{"start":{"line":33,"column":20},"end":{"line":43,"column":5}},"line":33},"5":{"name":"(anonymous_5)","decl":{"start":{"line":44,"column":11},"end":{"line":44,"column":12}},"loc":{"start":{"line":44,"column":18},"end":{"line":44,"column":27}},"line":44}},"branchMap":{"0":{"loc":{"start":{"line":7,"column":4},"end":{"line":7,"column":62}},"type":"if","locations":[{"start":{"line":7,"column":4},"end":{"line":7,"column":62}},{"start":{},"end":{}}],"line":7},"1":{"loc":{"start":{"line":14,"column":16},"end":{"line":21,"column":17}},"type":"if","locations":[{"start":{"line":14,"column":16},"end":{"line":21,"column":17}},{"start":{"line":16,"column":23},"end":{"line":21,"column":17}}],"line":14},"2":{"loc":{"start":{"line":34,"column":8},"end":{"line":42,"column":9}},"type":"if","locations":[{"start":{"line":34,"column":8},"end":{"line":42,"column":9}},{"start":{"line":36,"column":15},"end":{"line":42,"column":9}}],"line":34},"3":{"loc":{"start":{"line":37,"column":12},"end":{"line":41,"column":13}},"type":"if","locations":[{"start":{"line":37,"column":12},"end":{"line":41,"column":13}},{"start":{"line":39,"column":19},"end":{"line":41,"column":13}}],"line":37}},"s":{"0":2,"1":2,"2":12,"3":12,"4":6,"5":6,"6":6,"7":6,"8":6,"9":0,"10":6,"11":6,"12":0,"13":0,"14":2,"15":2,"16":2,"17":0,"18":2,"19":2,"20":0,"21":0,"22":2},"f":{"0":12,"1":6,"2":0,"3":2,"4":2,"5":0},"b":{"0":[6,6],"1":[0,6],"2":[0,2],"3":[2,0]},"_coverageSchema":"1a1c01bbd47fc00a2c39e90264f33305004495a9","hash":"eb18fa66cb68f1ed9357621d39207dbb916beb9a"}
,"C:\\Users\\DotPixel\\Documents\\Hacktiv8\\Job-Test\\techtropolis-store\\server\\middlewares\\errorHandler.js": {"path":"C:\\Users\\DotPixel\\Documents\\Hacktiv8\\Job-Test\\techtropolis-store\\server\\middlewares\\errorHandler.js","statementMap":{"0":{"start":{"line":1,"column":21},"end":{"line":32,"column":1}},"1":{"start":{"line":3,"column":17},"end":{"line":3,"column":19}},"2":{"start":{"line":5,"column":4},"end":{"line":30,"column":5}},"3":{"start":{"line":7,"column":12},"end":{"line":7,"column":24}},"4":{"start":{"line":8,"column":12},"end":{"line":8,"column":34}},"5":{"start":{"line":9,"column":12},"end":{"line":9,"column":17}},"6":{"start":{"line":11,"column":12},"end":{"line":11,"column":24}},"7":{"start":{"line":12,"column":12},"end":{"line":12,"column":34}},"8":{"start":{"line":13,"column":12},"end":{"line":13,"column":17}},"9":{"start":{"line":15,"column":12},"end":{"line":15,"column":24}},"10":{"start":{"line":16,"column":12},"end":{"line":16,"column":34}},"11":{"start":{"line":17,"column":12},"end":{"line":17,"column":17}},"12":{"start":{"line":19,"column":12},"end":{"line":19,"column":24}},"13":{"start":{"line":20,"column":12},"end":{"line":20,"column":34}},"14":{"start":{"line":22,"column":12},"end":{"line":22,"column":24}},"15":{"start":{"line":23,"column":12},"end":{"line":23,"column":43}},"16":{"start":{"line":25,"column":12},"end":{"line":25,"column":24}},"17":{"start":{"line":26,"column":12},"end":{"line":26,"column":50}},"18":{"start":{"line":28,"column":12},"end":{"line":28,"column":24}},"19":{"start":{"line":29,"column":12},"end":{"line":29,"column":48}},"20":{"start":{"line":31,"column":4},"end":{"line":31,"column":37}},"21":{"start":{"line":34,"column":0},"end":{"line":34,"column":29}}},"fnMap":{"0":{"name":"(anonymous_0)","decl":{"start":{"line":1,"column":21},"end":{"line":1,"column":22}},"loc":{"start":{"line":1,"column":46},"end":{"line":32,"column":1}},"line":1}},"branchMap":{"0":{"loc":{"start":{"line":5,"column":4},"end":{"line":30,"column":5}},"type":"switch","locations":[{"start":{"line":6,"column":8},"end":{"line":9,"column":17}},{"start":{"line":10,"column":8},"end":{"line":13,"column":17}},{"start":{"line":14,"column":8},"end":{"line":17,"column":17}},{"start":{"line":18,"column":8},"end":{"line":20,"column":34}},{"start":{"line":21,"column":8},"end":{"line":23,"column":43}},{"start":{"line":24,"column":8},"end":{"line":26,"column":50}},{"start":{"line":27,"column":8},"end":{"line":29,"column":48}}],"line":5}},"s":{"0":2,"1":12,"2":12,"3":0,"4":0,"5":0,"6":6,"7":6,"8":6,"9":0,"10":0,"11":0,"12":0,"13":0,"14":0,"15":0,"16":1,"17":1,"18":6,"19":6,"20":12,"21":2},"f":{"0":12},"b":{"0":[0,6,0,0,0,1,6]},"_coverageSchema":"1a1c01bbd47fc00a2c39e90264f33305004495a9","hash":"e3128620bcd3833b39b496bf65884c8b84c1e87b"}
,"C:\\Users\\DotPixel\\Documents\\Hacktiv8\\Job-Test\\techtropolis-store\\server\\middlewares\\imageKit.js": {"path":"C:\\Users\\DotPixel\\Documents\\Hacktiv8\\Job-Test\\techtropolis-store\\server\\middlewares\\imageKit.js","statementMap":{"0":{"start":{"line":1,"column":15},"end":{"line":1,"column":34}},"1":{"start":{"line":3,"column":15},"end":{"line":7,"column":2}},"2":{"start":{"line":10,"column":2},"end":{"line":27,"column":3}},"3":{"start":{"line":11,"column":4},"end":{"line":11,"column":10}},"4":{"start":{"line":13,"column":21},"end":{"line":13,"column":69}},"5":{"start":{"line":15,"column":4},"end":{"line":26,"column":8}},"6":{"start":{"line":21,"column":8},"end":{"line":21,"column":36}},"7":{"start":{"line":22,"column":8},"end":{"line":22,"column":15}},"8":{"start":{"line":25,"column":8},"end":{"line":25,"column":44}},"9":{"start":{"line":30,"column":0},"end":{"line":30,"column":33}}},"fnMap":{"0":{"name":"uploadImage","decl":{"start":{"line":9,"column":9},"end":{"line":9,"column":20}},"loc":{"start":{"line":9,"column":37},"end":{"line":28,"column":1}},"line":9},"1":{"name":"(anonymous_1)","decl":{"start":{"line":20,"column":12},"end":{"line":20,"column":13}},"loc":{"start":{"line":20,"column":26},"end":{"line":23,"column":7}},"line":20},"2":{"name":"(anonymous_2)","decl":{"start":{"line":24,"column":13},"end":{"line":24,"column":14}},"loc":{"start":{"line":24,"column":24},"end":{"line":26,"column":7}},"line":24}},"branchMap":{"0":{"loc":{"start":{"line":10,"column":2},"end":{"line":27,"column":3}},"type":"if","locations":[{"start":{"line":10,"column":2},"end":{"line":27,"column":3}},{"start":{"line":12,"column":9},"end":{"line":27,"column":3}}],"line":10}},"s":{"0":2,"1":2,"2":2,"3":2,"4":0,"5":0,"6":0,"7":0,"8":0,"9":2},"f":{"0":2,"1":0,"2":0},"b":{"0":[2,0]},"_coverageSchema":"1a1c01bbd47fc00a2c39e90264f33305004495a9","hash":"4ea1a3acbf639243cc478eb70fcfade01a2cb501"}
,"C:\\Users\\DotPixel\\Documents\\Hacktiv8\\Job-Test\\techtropolis-store\\server\\models\\index.js": {"path":"C:\\Users\\DotPixel\\Documents\\Hacktiv8\\Job-Test\\techtropolis-store\\server\\models\\index.js","statementMap":{"0":{"start":{"line":3,"column":11},"end":{"line":3,"column":24}},"1":{"start":{"line":4,"column":13},"end":{"line":4,"column":28}},"2":{"start":{"line":5,"column":18},"end":{"line":5,"column":38}},"3":{"start":{"line":6,"column":17},"end":{"line":6,"column":42}},"4":{"start":{"line":7,"column":12},"end":{"line":7,"column":49}},"5":{"start":{"line":8,"column":15},"end":{"line":8,"column":65}},"6":{"start":{"line":9,"column":11},"end":{"line":9,"column":13}},"7":{"start":{"line":12,"column":0},"end":{"line":16,"column":1}},"8":{"start":{"line":13,"column":2},"end":{"line":13,"column":74}},"9":{"start":{"line":15,"column":2},"end":{"line":15,"column":87}},"10":{"start":{"line":18,"column":0},"end":{"line":26,"column":5}},"11":{"start":{"line":21,"column":4},"end":{"line":21,"column":90}},"12":{"start":{"line":24,"column":18},"end":{"line":24,"column":85}},"13":{"start":{"line":25,"column":4},"end":{"line":25,"column":27}},"14":{"start":{"line":28,"column":0},"end":{"line":32,"column":3}},"15":{"start":{"line":29,"column":2},"end":{"line":31,"column":3}},"16":{"start":{"line":30,"column":4},"end":{"line":30,"column":32}},"17":{"start":{"line":34,"column":0},"end":{"line":34,"column":25}},"18":{"start":{"line":35,"column":0},"end":{"line":35,"column":25}},"19":{"start":{"line":37,"column":0},"end":{"line":37,"column":20}}},"fnMap":{"0":{"name":"(anonymous_0)","decl":{"start":{"line":20,"column":10},"end":{"line":20,"column":11}},"loc":{"start":{"line":20,"column":18},"end":{"line":22,"column":3}},"line":20},"1":{"name":"(anonymous_1)","decl":{"start":{"line":23,"column":11},"end":{"line":23,"column":12}},"loc":{"start":{"line":23,"column":19},"end":{"line":26,"column":3}},"line":23},"2":{"name":"(anonymous_2)","decl":{"start":{"line":28,"column":24},"end":{"line":28,"column":25}},"loc":{"start":{"line":28,"column":37},"end":{"line":32,"column":1}},"line":28}},"branchMap":{"0":{"loc":{"start":{"line":7,"column":12},"end":{"line":7,"column":49}},"type":"binary-expr","locations":[{"start":{"line":7,"column":12},"end":{"line":7,"column":32}},{"start":{"line":7,"column":36},"end":{"line":7,"column":49}}],"line":7},"1":{"loc":{"start":{"line":12,"column":0},"end":{"line":16,"column":1}},"type":"if","locations":[{"start":{"line":12,"column":0},"end":{"line":16,"column":1}},{"start":{"line":14,"column":7},"end":{"line":16,"column":1}}],"line":12},"2":{"loc":{"start":{"line":21,"column":11},"end":{"line":21,"column":89}},"type":"binary-expr","locations":[{"start":{"line":21,"column":12},"end":{"line":21,"column":35}},{"start":{"line":21,"column":41},"end":{"line":21,"column":58}},{"start":{"line":21,"column":64},"end":{"line":21,"column":88}}],"line":21},"3":{"loc":{"start":{"line":29,"column":2},"end":{"line":31,"column":3}},"type":"if","locations":[{"start":{"line":29,"column":2},"end":{"line":31,"column":3}},{"start":{},"end":{}}],"line":29}},"s":{"0":2,"1":2,"2":2,"3":2,"4":2,"5":2,"6":2,"7":2,"8":0,"9":2,"10":2,"11":6,"12":4,"13":4,"14":2,"15":4,"16":4,"17":2,"18":2,"19":2},"f":{"0":6,"1":4,"2":4},"b":{"0":[2,0],"1":[0,2],"2":[6,6,4],"3":[4,0]},"_coverageSchema":"1a1c01bbd47fc00a2c39e90264f33305004495a9","hash":"a0f7ae61b9039151755a42e2be7e025933a42d5e"}
,"C:\\Users\\DotPixel\\Documents\\Hacktiv8\\Job-Test\\techtropolis-store\\server\\models\\product.js": {"path":"C:\\Users\\DotPixel\\Documents\\Hacktiv8\\Job-Test\\techtropolis-store\\server\\models\\product.js","statementMap":{"0":{"start":{"line":4,"column":4},"end":{"line":4,"column":24}},"1":{"start":{"line":5,"column":0},"end":{"line":57,"column":2}},"2":{"start":{"line":13,"column":6},"end":{"line":13,"column":60}},"3":{"start":{"line":16,"column":2},"end":{"line":55,"column":5}},"4":{"start":{"line":56,"column":2},"end":{"line":56,"column":17}}},"fnMap":{"0":{"name":"(anonymous_0)","decl":{"start":{"line":5,"column":17},"end":{"line":5,"column":18}},"loc":{"start":{"line":5,"column":43},"end":{"line":57,"column":1}},"line":5},"1":{"name":"(anonymous_1)","decl":{"start":{"line":12,"column":4},"end":{"line":12,"column":5}},"loc":{"start":{"line":12,"column":29},"end":{"line":14,"column":5}},"line":12}},"branchMap":{},"s":{"0":2,"1":2,"2":2,"3":2,"4":2},"f":{"0":2,"1":2},"b":{},"_coverageSchema":"1a1c01bbd47fc00a2c39e90264f33305004495a9","hash":"c8db7bd65e9fc26497e2ab6bf3517b9bc7a28ff9"}
,"C:\\Users\\DotPixel\\Documents\\Hacktiv8\\Job-Test\\techtropolis-store\\server\\models\\user.js": {"path":"C:\\Users\\DotPixel\\Documents\\Hacktiv8\\Job-Test\\techtropolis-store\\server\\models\\user.js","statementMap":{"0":{"start":{"line":3,"column":27},"end":{"line":3,"column":54}},"1":{"start":{"line":7,"column":4},"end":{"line":7,"column":24}},"2":{"start":{"line":8,"column":0},"end":{"line":52,"column":2}},"3":{"start":{"line":16,"column":5},"end":{"line":16,"column":56}},"4":{"start":{"line":19,"column":2},"end":{"line":46,"column":5}},"5":{"start":{"line":47,"column":2},"end":{"line":49,"column":4}},"6":{"start":{"line":48,"column":4},"end":{"line":48,"column":59}},"7":{"start":{"line":51,"column":2},"end":{"line":51,"column":14}}},"fnMap":{"0":{"name":"(anonymous_0)","decl":{"start":{"line":8,"column":17},"end":{"line":8,"column":18}},"loc":{"start":{"line":8,"column":43},"end":{"line":52,"column":1}},"line":8},"1":{"name":"(anonymous_1)","decl":{"start":{"line":15,"column":4},"end":{"line":15,"column":5}},"loc":{"start":{"line":15,"column":29},"end":{"line":17,"column":5}},"line":15},"2":{"name":"(anonymous_2)","decl":{"start":{"line":47,"column":20},"end":{"line":47,"column":21}},"loc":{"start":{"line":47,"column":44},"end":{"line":49,"column":3}},"line":47}},"branchMap":{},"s":{"0":2,"1":2,"2":2,"3":2,"4":2,"5":2,"6":1,"7":2},"f":{"0":2,"1":2,"2":1},"b":{},"_coverageSchema":"1a1c01bbd47fc00a2c39e90264f33305004495a9","hash":"a7b0265de1ff30ecaa07e8daead6be953e09a66d"}
,"C:\\Users\\DotPixel\\Documents\\Hacktiv8\\Job-Test\\techtropolis-store\\server\\routes\\index.js": {"path":"C:\\Users\\DotPixel\\Documents\\Hacktiv8\\Job-Test\\techtropolis-store\\server\\routes\\index.js","statementMap":{"0":{"start":{"line":1,"column":15},"end":{"line":1,"column":42}},"1":{"start":{"line":2,"column":15},"end":{"line":2,"column":32}},"2":{"start":{"line":3,"column":15},"end":{"line":3,"column":23}},"3":{"start":{"line":4,"column":42},"end":{"line":4,"column":72}},"4":{"start":{"line":6,"column":23},"end":{"line":6,"column":63}},"5":{"start":{"line":7,"column":26},"end":{"line":7,"column":69}},"6":{"start":{"line":8,"column":24},"end":{"line":8,"column":58}},"7":{"start":{"line":12,"column":0},"end":{"line":12,"column":49}},"8":{"start":{"line":13,"column":0},"end":{"line":13,"column":43}},"9":{"start":{"line":16,"column":0},"end":{"line":16,"column":26}},"10":{"start":{"line":17,"column":0},"end":{"line":17,"column":57}},"11":{"start":{"line":18,"column":0},"end":{"line":21,"column":49}},"12":{"start":{"line":22,"column":0},"end":{"line":22,"column":60}},"13":{"start":{"line":23,"column":0},"end":{"line":23,"column":73}},"14":{"start":{"line":24,"column":0},"end":{"line":24,"column":78}},"15":{"start":{"line":27,"column":0},"end":{"line":27,"column":23}}},"fnMap":{},"branchMap":{},"s":{"0":2,"1":2,"2":2,"3":2,"4":2,"5":2,"6":2,"7":2,"8":2,"9":2,"10":2,"11":2,"12":2,"13":2,"14":2,"15":2},"f":{},"b":{},"_coverageSchema":"1a1c01bbd47fc00a2c39e90264f33305004495a9","hash":"b9a7da8dbf92bbce9cf9822b6fc07609d8d2723a"}
}
