TN:
SF:app.js
FNF:0
FNH:0
DA:1,2
DA:2,2
DA:3,2
DA:4,2
DA:6,2
DA:7,2
DA:8,2
DA:10,2
DA:11,2
DA:12,2
DA:13,2
DA:14,2
DA:16,2
LF:13
LH:13
BRF:0
BRH:0
end_of_record
TN:
SF:controllers\ProductController.js
FN:4,(anonymous_0)
FN:13,(anonymous_1)
FN:31,(anonymous_2)
FN:43,(anonymous_3)
FN:60,(anonymous_4)
FNF:5
FNH:5
FNDA:1,(anonymous_0)
FNDA:2,(anonymous_1)
FNDA:1,(anonymous_2)
FNDA:1,(anonymous_3)
FNDA:1,(anonymous_4)
DA:1,2
DA:5,1
DA:6,1
DA:7,1
DA:9,0
DA:14,2
DA:16,2
DA:17,2
DA:24,1
DA:27,1
DA:32,1
DA:34,1
DA:35,1
DA:36,1
DA:39,0
DA:44,1
DA:45,1
DA:47,1
DA:48,1
DA:54,1
DA:56,0
DA:61,1
DA:63,1
DA:64,1
DA:69,1
DA:73,0
DA:74,0
DA:79,2
LF:28
LH:23
BRDA:19,0,0,2
BRDA:19,0,1,2
BRF:2
BRH:2
end_of_record
TN:
SF:controllers\UserController.js
FN:5,(anonymous_0)
FN:25,(anonymous_1)
FNF:2
FNH:2
FNDA:3,(anonymous_0)
FNDA:4,(anonymous_1)
DA:1,2
DA:2,2
DA:6,3
DA:7,3
DA:8,3
DA:13,1
DA:21,2
DA:26,4
DA:27,4
DA:28,4
DA:33,4
DA:34,2
DA:35,2
DA:36,1
DA:39,1
DA:46,3
DA:51,2
LF:17
LH:17
BRDA:33,0,0,2
BRDA:33,0,1,2
BRDA:35,1,0,1
BRDA:35,1,1,1
BRF:4
BRH:4
end_of_record
TN:
SF:helpers\index.js
FN:5,passwordHasher
FN:11,passwordDecoder
FN:15,tokenGenerator
FN:20,tokenDecoder
FNF:4
FNH:4
FNDA:3,passwordHasher
FNDA:2,passwordDecoder
FNDA:2,tokenGenerator
FNDA:6,tokenDecoder
DA:1,2
DA:2,2
DA:3,2
DA:6,3
DA:7,3
DA:8,3
DA:12,2
DA:16,2
DA:17,2
DA:21,6
DA:22,6
DA:25,2
LF:12
LH:12
BRF:0
BRH:0
end_of_record
TN:
SF:middlewares\auth.js
FN:4,authentication
FN:13,(anonymous_1)
FN:23,(anonymous_2)
FN:29,authorization
FN:33,(anonymous_4)
FN:44,(anonymous_5)
FNF:6
FNH:4
FNDA:12,authentication
FNDA:6,(anonymous_1)
FNDA:0,(anonymous_2)
FNDA:2,authorization
FNDA:2,(anonymous_4)
FNDA:0,(anonymous_5)
DA:1,2
DA:2,2
DA:5,12
DA:7,12
DA:9,6
DA:10,6
DA:12,6
DA:14,6
DA:15,0
DA:17,6
DA:20,6
DA:23,0
DA:25,0
DA:30,2
DA:32,2
DA:34,2
DA:35,0
DA:37,2
DA:38,2
DA:40,0
DA:44,0
DA:47,2
LF:22
LH:16
BRDA:7,0,0,6
BRDA:7,0,1,6
BRDA:14,1,0,0
BRDA:14,1,1,6
BRDA:34,2,0,0
BRDA:34,2,1,2
BRDA:37,3,0,2
BRDA:37,3,1,0
BRF:8
BRH:5
end_of_record
TN:
SF:middlewares\errorHandler.js
FN:1,(anonymous_0)
FNF:1
FNH:1
FNDA:12,(anonymous_0)
DA:1,2
DA:3,12
DA:5,12
DA:7,0
DA:8,0
DA:9,0
DA:11,6
DA:12,6
DA:13,6
DA:15,0
DA:16,0
DA:17,0
DA:19,0
DA:20,0
DA:22,0
DA:23,0
DA:25,1
DA:26,1
DA:28,6
DA:29,6
DA:31,12
DA:34,2
LF:22
LH:12
BRDA:5,0,0,0
BRDA:5,0,1,6
BRDA:5,0,2,0
BRDA:5,0,3,0
BRDA:5,0,4,0
BRDA:5,0,5,1
BRDA:5,0,6,6
BRF:7
BRH:3
end_of_record
TN:
SF:middlewares\imageKit.js
FN:9,uploadImage
FN:20,(anonymous_1)
FN:24,(anonymous_2)
FNF:3
FNH:1
FNDA:2,uploadImage
FNDA:0,(anonymous_1)
FNDA:0,(anonymous_2)
DA:1,2
DA:3,2
DA:10,2
DA:11,2
DA:13,0
DA:15,0
DA:21,0
DA:22,0
DA:25,0
DA:30,2
LF:10
LH:5
BRDA:10,0,0,2
BRDA:10,0,1,0
BRF:2
BRH:1
end_of_record
TN:
SF:models\index.js
FN:20,(anonymous_0)
FN:23,(anonymous_1)
FN:28,(anonymous_2)
FNF:3
FNH:3
FNDA:6,(anonymous_0)
FNDA:4,(anonymous_1)
FNDA:4,(anonymous_2)
DA:3,2
DA:4,2
DA:5,2
DA:6,2
DA:7,2
DA:8,2
DA:9,2
DA:12,2
DA:13,0
DA:15,2
DA:18,2
DA:21,6
DA:24,4
DA:25,4
DA:28,2
DA:29,4
DA:30,4
DA:34,2
DA:35,2
DA:37,2
LF:20
LH:19
BRDA:7,0,0,2
BRDA:7,0,1,0
BRDA:12,1,0,0
BRDA:12,1,1,2
BRDA:21,2,0,6
BRDA:21,2,1,6
BRDA:21,2,2,4
BRDA:29,3,0,4
BRDA:29,3,1,0
BRF:9
BRH:6
end_of_record
TN:
SF:models\product.js
FN:5,(anonymous_0)
FN:12,(anonymous_1)
FNF:2
FNH:2
FNDA:2,(anonymous_0)
FNDA:2,(anonymous_1)
DA:4,2
DA:5,2
DA:13,2
DA:16,2
DA:56,2
LF:5
LH:5
BRF:0
BRH:0
end_of_record
TN:
SF:models\user.js
FN:8,(anonymous_0)
FN:15,(anonymous_1)
FN:47,(anonymous_2)
FNF:3
FNH:3
FNDA:2,(anonymous_0)
FNDA:2,(anonymous_1)
FNDA:1,(anonymous_2)
DA:3,2
DA:7,2
DA:8,2
DA:16,2
DA:19,2
DA:47,2
DA:48,1
DA:51,2
LF:8
LH:8
BRF:0
BRH:0
end_of_record
TN:
SF:routes\index.js
FNF:0
FNH:0
DA:1,2
DA:2,2
DA:3,2
DA:4,2
DA:6,2
DA:7,2
DA:8,2
DA:12,2
DA:13,2
DA:16,2
DA:17,2
DA:18,2
DA:22,2
DA:23,2
DA:24,2
DA:27,2
LF:16
LH:16
BRF:0
BRH:0
end_of_record
